# JRE version: Java(TM) SE Runtime Environment (8.0_191-b12) (build 1.8.0_191-b12)
# Java VM: Java HotSpot(TM) 64-Bit Server VM (25.191-b12 mixed mode windows-amd64 compressed oops)
Heap:
 PSYoungGen      total 356864K, used 356800K [0x000000076b600000, 0x000000078c400000, 0x00000007c0000000)
  eden space 355328K, 100% used [0x000000076b600000,0x0000000781100000,0x0000000781100000)
  from space 1536K, 95% used [0x000000078c280000,0x000000078c3f0000,0x000000078c400000)
  to   space 19456K, 7% used [0x0000000789e00000,0x0000000789f60000,0x000000078b100000)
 ParOldGen       total 203776K, used 59791K [0x00000006c2200000, 0x00000006ce900000, 0x000000076b600000)
  object space 203776K, 29% used [0x00000006c2200000,0x00000006c5c63c50,0x00000006ce900000)
 Metaspace       used 90850K, capacity 95010K, committed 95104K, reserved 1132544K
  class space    used 11623K, capacity 12340K, committed 12416K, reserved 1048576K
GC Heap History (10 events):
Event: 165162.444 GC heap after
Heap after GC invocations=29 (full 3):
 PSYoungGen      total 419328K, used 10128K [0x000000076b600000, 0x000000078ed80000, 0x00000007c0000000)
  eden space 409088K, 0% used [0x000000076b600000,0x000000076b600000,0x0000000784580000)
  from space 10240K, 98% used [0x000000078e380000,0x000000078ed64060,0x000000078ed80000)
  to   space 17920K, 0% used [0x000000078ca80000,0x000000078ca80000,0x000000078dc00000)
 ParOldGen       total 203776K, used 50707K [0x00000006c2200000, 0x00000006ce900000, 0x000000076b600000)
  object space 203776K, 24% used [0x00000006c2200000,0x00000006c5384d70,0x00000006ce900000)
 Metaspace       used 90821K, capacity 95004K, committed 95104K, reserved 1132544K
  class space    used 11619K, capacity 12339K, committed 12416K, reserved 1048576K
}
Event: 166801.441 GC heap before
{Heap before GC invocations=30 (full 3):
 PSYoungGen      total 419328K, used 419216K [0x000000076b600000, 0x000000078ed80000, 0x00000007c0000000)
  eden space 409088K, 100% used [0x000000076b600000,0x0000000784580000,0x0000000784580000)
  from space 10240K, 98% used [0x000000078e380000,0x000000078ed64060,0x000000078ed80000)
  to   space 17920K, 0% used [0x000000078ca80000,0x000000078ca80000,0x000000078dc00000)
 ParOldGen       total 203776K, used 50707K [0x00000006c2200000, 0x00000006ce900000, 0x000000076b600000)
  object space 203776K, 24% used [0x00000006c2200000,0x00000006c5384d70,0x00000006ce900000)
 Metaspace       used 90822K, capacity 95004K, committed 95104K, reserved 1132544K
  class space    used 11619K, capacity 12339K, committed 12416K, reserved 1048576K
Event: 166801.453 GC heap after
Heap after GC invocations=30 (full 3):
 PSYoungGen      total 404992K, used 10176K [0x000000076b600000, 0x000000078e400000, 0x00000007c0000000)
  eden space 394752K, 0% used [0x000000076b600000,0x000000076b600000,0x0000000783780000)
  from space 10240K, 99% used [0x000000078ca80000,0x000000078d470050,0x000000078d480000)
  to   space 15872K, 0% used [0x000000078d480000,0x000000078d480000,0x000000078e400000)
 ParOldGen       total 203776K, used 50715K [0x00000006c2200000, 0x00000006ce900000, 0x000000076b600000)
  object space 203776K, 24% used [0x00000006c2200000,0x00000006c5386d70,0x00000006ce900000)
 Metaspace       used 90822K, capacity 95004K, committed 95104K, reserved 1132544K
  class space    used 11619K, capacity 12339K, committed 12416K, reserved 1048576K
}
Event: 168438.932 GC heap before
{Heap before GC invocations=31 (full 3):
 PSYoungGen      total 404992K, used 404928K [0x000000076b600000, 0x000000078e400000, 0x00000007c0000000)
  eden space 394752K, 100% used [0x000000076b600000,0x0000000783780000,0x0000000783780000)
  from space 10240K, 99% used [0x000000078ca80000,0x000000078d470050,0x000000078d480000)
  to   space 15872K, 0% used [0x000000078d480000,0x000000078d480000,0x000000078e400000)
 ParOldGen       total 203776K, used 50715K [0x00000006c2200000, 0x00000006ce900000, 0x000000076b600000)
  object space 203776K, 24% used [0x00000006c2200000,0x00000006c5386d70,0x00000006ce900000)
 Metaspace       used 90822K, capacity 95004K, committed 95104K, reserved 1132544K
  class space    used 11619K, capacity 12339K, committed 12416K, reserved 1048576K
Event: 168438.945 GC heap after
Heap after GC invocations=31 (full 3):
 PSYoungGen      total 382976K, used 1888K [0x000000076b600000, 0x000000078d680000, 0x00000007c0000000)
  eden space 380928K, 0% used [0x000000076b600000,0x000000076b600000,0x0000000782a00000)
  from space 2048K, 92% used [0x000000078d480000,0x000000078d658000,0x000000078d680000)
  to   space 18432K, 0% used [0x000000078b280000,0x000000078b280000,0x000000078c480000)
 ParOldGen       total 203776K, used 58959K [0x00000006c2200000, 0x00000006ce900000, 0x000000076b600000)
  object space 203776K, 28% used [0x00000006c2200000,0x00000006c5b93c50,0x00000006ce900000)
 Metaspace       used 90822K, capacity 95004K, committed 95104K, reserved 1132544K
  class space    used 11619K, capacity 12339K, committed 12416K, reserved 1048576K
}
Event: 169939.224 GC heap before
{Heap before GC invocations=32 (full 3):
 PSYoungGen      total 382976K, used 382816K [0x000000076b600000, 0x000000078d680000, 0x00000007c0000000)
  eden space 380928K, 100% used [0x000000076b600000,0x0000000782a00000,0x0000000782a00000)
  from space 2048K, 92% used [0x000000078d480000,0x000000078d658000,0x000000078d680000)
  to   space 18432K, 0% used [0x000000078b280000,0x000000078b280000,0x000000078c480000)
 ParOldGen       total 203776K, used 58959K [0x00000006c2200000, 0x00000006ce900000, 0x000000076b600000)
  object space 203776K, 28% used [0x00000006c2200000,0x00000006c5b93c50,0x00000006ce900000)
 Metaspace       used 90823K, capacity 95004K, committed 95104K, reserved 1132544K
  class space    used 11619K, capacity 12339K, committed 12416K, reserved 1048576K
Event: 169939.230 GC heap after
Heap after GC invocations=32 (full 3):
 PSYoungGen      total 369152K, used 1536K [0x000000076b600000, 0x000000078d500000, 0x00000007c0000000)
  eden space 367616K, 0% used [0x000000076b600000,0x000000076b600000,0x0000000781d00000)
  from space 1536K, 100% used [0x000000078b280000,0x000000078b400000,0x000000078b400000)
  to   space 18944K, 0% used [0x000000078c280000,0x000000078c280000,0x000000078d500000)
 ParOldGen       total 203776K, used 59415K [0x00000006c2200000, 0x00000006ce900000, 0x000000076b600000)
  object space 203776K, 29% used [0x00000006c2200000,0x00000006c5c05c50,0x00000006ce900000)
 Metaspace       used 90823K, capacity 95004K, committed 95104K, reserved 1132544K
  class space    used 11619K, capacity 12339K, committed 12416K, reserved 1048576K
}
Event: 171369.496 GC heap before
{Heap before GC invocations=33 (full 3):
 PSYoungGen      total 369152K, used 369152K [0x000000076b600000, 0x000000078d500000, 0x00000007c0000000)
  eden space 367616K, 100% used [0x000000076b600000,0x0000000781d00000,0x0000000781d00000)
  from space 1536K, 100% used [0x000000078b280000,0x000000078b400000,0x000000078b400000)
  to   space 18944K, 0% used [0x000000078c280000,0x000000078c280000,0x000000078d500000)
 ParOldGen       total 203776K, used 59415K [0x00000006c2200000, 0x00000006ce900000, 0x000000076b600000)
  object space 203776K, 29% used [0x00000006c2200000,0x00000006c5c05c50,0x00000006ce900000)
 Metaspace       used 90848K, capacity 95010K, committed 95104K, reserved 1132544K
  class space    used 11623K, capacity 12340K, committed 12416K, reserved 1048576K
Event: 171369.506 GC heap after
Heap after GC invocations=33 (full 3):
 PSYoungGen      total 356864K, used 1472K [0x000000076b600000, 0x000000078c400000, 0x00000007c0000000)
  eden space 355328K, 0% used [0x000000076b600000,0x000000076b600000,0x0000000781100000)
  from space 1536K, 95% used [0x000000078c280000,0x000000078c3f0000,0x000000078c400000)
  to   space 19456K, 0% used [0x0000000789e00000,0x0000000789e00000,0x000000078b100000)
 ParOldGen       total 203776K, used 59679K [0x00000006c2200000, 0x00000006ce900000, 0x000000076b600000)
  object space 203776K, 29% used [0x00000006c2200000,0x00000006c5c47c50,0x00000006ce900000)
 Metaspace       used 90848K, capacity 95010K, committed 95104K, reserved 1132544K
  class space    used 11623K, capacity 12340K, committed 12416K, reserved 1048576K
}
Event: 172749.084 GC heap before
{Heap before GC invocations=34 (full 3):
 PSYoungGen      total 356864K, used 356800K [0x000000076b600000, 0x000000078c400000, 0x00000007c0000000)
  eden space 355328K, 100% used [0x000000076b600000,0x0000000781100000,0x0000000781100000)
  from space 1536K, 95% used [0x000000078c280000,0x000000078c3f0000,0x000000078c400000)
  to   space 19456K, 0% used [0x0000000789e00000,0x0000000789e00000,0x000000078b100000)
 ParOldGen       total 203776K, used 59679K [0x00000006c2200000, 0x00000006ce900000, 0x000000076b600000)
  object space 203776K, 29% used [0x00000006c2200000,0x00000006c5c47c50,0x00000006ce900000)
 Metaspace       used 90850K, capacity 95010K, committed 95104K, reserved 1132544K
  class space    used 11623K, capacity 12340K, committed 12416K, reserved 1048576K

